<?xml version="1.0" encoding="UTF-8"?>
<testsuite name="TestSuite" time="9.383" tests="5" errors="0" skipped="0" failures="5">
  <properties>
[...]
</properties>
  <testcase name="loginTest" classname="testcases.BankManagerLoginTest" time="2.849">
    <failure message="Bank Manager Test failed" type="java.lang.AssertionError">java.lang.AssertionError: Bank Manager Test failed
	at org.testng.Assert.fail(Assert.java:96)
	at testcases.BankManagerLoginTest.loginTest(BankManagerLoginTest.java:27)
</failure>
    <system-out><![CDATA[Successfully connected to MySQL server
]]></system-out>
    <system-err><![CDATA[Jun 07, 2020 10:33:09 PM java.util.prefs.WindowsPreferences <init>
WARNING: Could not open/create prefs root node Software\JavaSoft\Prefs at root 0x80000002. Windows RegCreateKeyEx(...) returned error code 5.
[main] INFO io.github.bonigarcia.wdm.WebDriverManager - Using chromedriver 83.0.4103.39 (since Google Chrome 83 is installed in your machine)
[main] INFO io.github.bonigarcia.wdm.WebDriverManager - Exporting webdriver.chrome.driver as C:\Users\way2automation\.m2\repository\webdriver\chromedriver\win32\83.0.4103.39\chromedriver.exe
Starting ChromeDriver 83.0.4103.39 (ccbf011cb2d2b19b506d844400483861342c20cd-refs/branch-heads/4103@{#416}) on port 2709
Only local connections are allowed.
Please see https://chromedriver.chromium.org/security-considerations for suggestions on keeping ChromeDriver safe.
ChromeDriver was started successfully.
Jun 07, 2020 10:33:13 PM org.openqa.selenium.remote.ProtocolHandshake createSession
INFO: Detected dialect: W3C
]]></system-err>
  </testcase>
  <testcase name="addCustomerTest" classname="testcases.AddCustomerTest" time="3.75">
    <failure message="Add Customer Test failed" type="java.lang.AssertionError">java.lang.AssertionError: Add Customer Test failed
	at org.testng.Assert.fail(Assert.java:96)
	at testcases.AddCustomerTest.addCustomerTest(AddCustomerTest.java:26)
</failure>
  </testcase>
  <testcase name="addCustomerTest" classname="testcases.AddCustomerTest" time="2.718">
    <failure message="Add Customer Test failed" type="java.lang.AssertionError">java.lang.AssertionError: Add Customer Test failed
	at org.testng.Assert.fail(Assert.java:96)
	at testcases.AddCustomerTest.addCustomerTest(AddCustomerTest.java:26)
</failure>
  </testcase>
  <testcase name="addCustomerTest" classname="testcases.AddCustomerTest" time="2.74">
    <failure message="Add Customer Test failed" type="java.lang.AssertionError">java.lang.AssertionError: Add Customer Test failed
	at org.testng.Assert.fail(Assert.java:96)
	at testcases.AddCustomerTest.addCustomerTest(AddCustomerTest.java:26)
</failure>
  </testcase>
  <testcase name="openAccountTest" classname="testcases.OpenAccountTest" time="2.784">
    <failure message="Open Account Test failed" type="java.lang.AssertionError">java.lang.AssertionError: Open Account Test failed
	at org.testng.Assert.fail(Assert.java:96)
	at testcases.OpenAccountTest.openAccountTest(OpenAccountTest.java:27)
</failure>
  </testcase>
</testsuite>