<?xml version="1.0" encoding="UTF-8"?>
<!-- Generated by org.testng.reporters.JUnitXMLReporter -->
<testsuite hostname="DESKTOP-1BDQC6B" ignored="0" name="Bank Manager Login Test" tests="1" failures="1" timestamp="07 Jun 2020 17:03:20 GMT" time="2.868" errors="0">
  <testcase name="loginTest" time="2.406" classname="testcases.BankManagerLoginTest">
    <failure type="java.lang.AssertionError" message="Bank Manager Test failed">
      <![CDATA[java.lang.AssertionError: Bank Manager Test failed
at testcases.BankManagerLoginTest.loginTest(BankManagerLoginTest.java:27)
... Removed 29 stack frames]]>
    </failure>
  </testcase> <!-- loginTest -->
</testsuite> <!-- Bank Manager Login Test -->
